COMMAND: ['py', '-3', '-m', 'pytest', '-vv', '--maxfail=1']
RETURN_CODE: 0
STDOUT:
============================= test session starts =============================
platform win32 -- Python 3.11.7, pytest-9.1.1, pluggy-1.6.0 -- C:\Users\legen\AppData\Local\Programs\Python\Python311\python.exe
cachedir: .pytest_cache
rootdir: c:\Users\legen\OneDrive\REVERIUS OPIUM
configfile: pyproject.toml
plugins: anyio-4.13.0, cov-7.1.0
collecting ... collected 51 items

tests/test_ai_backend.py::test_get_backend_info_returns_dummy_backend PASSED [  1%]
tests/test_ai_backend.py::test_core_query_ai_uses_shared_backend PASSED  [  3%]
tests/test_ai_pipeline.py::test_orchestrator_builds_plan_and_reflection PASSED [  5%]
tests/test_api_key_store.py::test_save_and_load_api_key PASSED           [  7%]
tests/test_architecture_core.py::test_event_bus_delivers_payloads <- ..\REVERIUS SEG\tests\test_architecture_core.py PASSED [  9%]
tests/test_architecture_core.py::test_plugin_registry_tracks_enabled_plugins <- ..\REVERIUS SEG\tests\test_architecture_core.py PASSED [ 11%]
tests/test_architecture_core.py::test_command_router_dispatches_registered_commands <- ..\REVERIUS SEG\tests\test_architecture_core.py PASSED [ 13%]
tests/test_asset_manager.py::test_asset_manager_resolves_project_asset_paths <- ..\REVERIUS SEG\tests\test_asset_manager.py PASSED [ 15%]
tests/test_asset_manager.py::test_asset_registry_scans_and_writes_registry <- ..\REVERIUS SEG\tests\test_asset_manager.py PASSED [ 17%]
tests/test_asset_manager.py::test_validator_reports_findings <- ..\REVERIUS SEG\tests\test_asset_manager.py PASSED [ 19%]
tests/test_asset_manager.py::test_asset_cache_lru_behavior <- ..\REVERIUS SEG\tests\test_asset_manager.py PASSED [ 21%]
tests/test_backend_manager.py::test_load_settings_defaults_and_validation PASSED [ 23%]
tests/test_backend_manager.py::test_backend_registry_and_manager_use_preferred_backend PASSED [ 25%]
tests/test_backend_manager.py::test_backend_manager_prefers_non_offline_backends_when_offline_is_default PASSED [ 27%]
tests/test_command_routing.py::test_reverius_process_command_uses_shared_router <- ..\REVERIUS SEG\tests\test_command_routing.py PASSED [ 29%]
tests/test_command_routing.py::test_plugin_loader_dispatches_registered_commands <- ..\REVERIUS SEG\tests\test_command_routing.py PASSED [ 31%]
tests/test_command_routing.py::test_plugin_initialization_discovers_modules <- ..\REVERIUS SEG\tests\test_command_routing.py PASSED [ 33%]
tests/test_command_routing.py::test_command_processing_imports_without_ui_widget <- ..\REVERIUS SEG\tests\test_command_routing.py PASSED [ 35%]
tests/test_configuration.py::test_load_settings_uses_env_variables PASSED [ 37%]
tests/test_configuration.py::test_load_settings_defaults PASSED          [ 39%]
tests/test_diagnostics.py::test_doctor_creates_machine_readable_and_markdown_reports <- ..\REVERIUS SEG\tests\test_diagnostics.py PASSED [ 41%]
tests/test_diagnostics.py::test_doctor_report_contains_expected_sections <- ..\REVERIUS SEG\tests\test_diagnostics.py PASSED [ 43%]
tests/test_diagnostics.py::test_repair_produces_repair_report <- ..\REVERIUS SEG\tests\test_diagnostics.py PASSED [ 45%]
tests/test_diagnostics.py::test_troubleshoot_generates_findings <- ..\REVERIUS SEG\tests\test_diagnostics.py PASSED [ 47%]
tests/test_diagnostics.py::test_benchmark_returns_metrics <- ..\REVERIUS SEG\tests\test_diagnostics.py PASSED [ 49%]
tests/test_diagnostics.py::test_health_report_includes_diagnostics_summary <- ..\REVERIUS SEG\tests\test_diagnostics.py PASSED [ 50%]
tests/test_ethical_foundation.py::test_ethical_foundation_blocks_harmful_requests <- ..\REVERIUS SEG\tests\test_ethical_foundation.py PASSED [ 52%]
tests/test_ethical_foundation.py::test_ethical_foundation_allows_compassionate_requests <- ..\REVERIUS SEG\tests\test_ethical_foundation.py PASSED [ 54%]
tests/test_intent_engine.py::test_search_intent_detects_synonyms_and_extracts_query PASSED [ 56%]
tests/test_intent_engine.py::test_context_aware_search_combines_follow_up_query PASSED [ 58%]
tests/test_intent_engine.py::test_ambiguous_command_requires_confirmation PASSED [ 60%]
tests/test_intent_engine.py::test_delete_intent_requires_confirmation PASSED [ 62%]
tests/test_intent_engine.py::test_multi_intent_command_is_split_into_actions PASSED [ 64%]
tests/test_intent_engine.py::test_builtin_intents_are_registered_on_engine_init PASSED [ 66%]
tests/test_intent_engine.py::test_registry_supports_plugin_style_registration PASSED [ 68%]
tests/test_intent_engine.py::test_registry_supports_direct_intent_registration PASSED [ 70%]
tests/test_kernel.py::test_kernel_detects_search_intent_and_required_plugins <- ..\REVERIUS SEG\tests\test_kernel.py PASSED [ 72%]
tests/test_kernel.py::test_kernel_loads_only_required_plugins <- ..\REVERIUS SEG\tests\test_kernel.py PASSED [ 74%]
tests/test_manual_help.py::test_help_command_shows_manual_entries PASSED [ 76%]
tests/test_manual_help.py::test_lzbr_salva_command_shows_manual PASSED   [ 78%]
tests/test_memory.py::test_memory_store_persists_entries PASSED          [ 80%]
tests/test_nvidia_backend.py::test_load_settings_reads_nvidia_configuration PASSED [ 82%]
tests/test_nvidia_backend.py::test_nvidia_backend_reports_not_configured_without_key PASSED [ 84%]
tests/test_nvidia_backend.py::test_nvidia_backend_generate_uses_configured_payload PASSED [ 86%]
tests/test_nvidia_backend.py::test_nvidia_backend_handles_invalid_response PASSED [ 88%]
tests/test_plugins.py::test_plugin_discovery_and_dispatch PASSED         [ 90%]
tests/test_project_health.py::test_build_health_report_returns_perfect_score <- ..\REVERIUS SEG\tests\test_project_health.py PASSED [ 92%]
tests/test_reverius_hud_theme.py::test_theme_tokens_are_centered PASSED  [ 94%]
tests/test_reverius_hud_theme.py::test_state_to_status_maps_known_states PASSED [ 96%]
tests/test_reverius_hud_theme.py::test_build_dashboard_summary_emphasizes_operational_context PASSED [ 98%]
tests/test_reverius_hud_theme.py::test_build_operational_snapshot_collects_runtime_context PASSED [100%]

============================== warnings summary ===============================
tests/test_diagnostics.py::test_doctor_report_contains_expected_sections
  C:\Users\legen\AppData\Local\Programs\Python\Python311\Lib\site-packages\_distutils_hack\__init__.py:30: UserWarning: Setuptools is replacing distutils. Support for replacing an already imported distutils is deprecated. In the future, this condition will fail. Register concerns at https://github.com/pypa/setuptools/issues/new?template=distutils-deprecation.yml
    warnings.warn(

-- Docs: https://docs.pytest.org/en/stable/how-to/capture-warnings.html
=============================== tests coverage ================================
_______________ coverage: platform win32, python 3.11.7-final-0 _______________

Name                               Stmts   Miss  Cover   Missing
----------------------------------------------------------------
backends\__init__.py                   0      0   100%
backends\backend_manager.py           73     20    73%   40, 65-75, 80, 86-89, 93-97, 101
backends\base.py                      18      0   100%
backends\direct_api.py                39     20    49%   23-26, 29-34, 37-40, 43-45, 48, 51, 54
backends\errors.py                     8      0   100%
backends\local_llm.py                 32     11    66%   26-28, 31-33, 36-38, 41, 47
backends\nvidia.py                   110     38    65%   40, 56, 80-82, 84-86, 88-90, 99-101, 104-107, 110-113, 116-119, 122, 126, 131-145
backends\offline.py                   30     14    53%   20-21, 24-26, 29-31, 34-36, 39, 42, 45
backends\openjarvis.py                43     19    56%   24, 29-31, 34-38, 41-43, 46-48, 51, 54, 57-58
backends\registry.py                  14      1    93%   28
config\__init__.py                     2      0   100%
config\settings.py                   135     27    80%   16-21, 74-76, 80-82, 86-88, 93-95, 102-104, 140-142, 155, 160-161
core\__init__.py                       9      1    89%   31
core\app.py                            3      3     0%   1-4
core\architecture.py                  68      2    97%   71, 167
core\brain\__init__.py                 0      0   100%
core\engine.py                       908    820    10%   8, 13-100, 103-161, 166-266, 271-318, 323-343, 348-397, 406-425, 431-454, 460-474, 480-486, 489-505, 511-524, 532-609, 614-639, 642-662, 668-690, 696-706, 709-723, 726-733, 736-761, 767-823, 831-856, 859-879, 885-907, 913-923, 926-940, 943-950, 953-978, 984-1040, 1048-1053, 1056-1091, 1104-1152, 1155-1187, 1190-1204, 1218-1240, 1243-1340, 1343-1356, 1366-1380, 1384-1418, 1425-1435, 1442-1454, 1469-1495, 1499-1508, 1512-1524, 1534-1552, 1556-1565, 1569-1578, 1582-1596, 1618-1627
core\intent\__init__.py                4      0   100%
core\intent\command_router.py         26     15    42%   20-52
core\intent\debug.py                   4      4     0%   1-7
core\intent\entity_extractor.py       49     16    67%   13, 18, 21-24, 27-30, 47-52
core\intent\intent_engine.py         218     71    67%   56, 76-82, 85-90, 93, 101-102, 115, 118, 121, 124, 127, 151, 158-161, 163, 183, 186, 190-194, 212, 216-232, 236, 239, 246-247, 250-251, 254-255, 258-260, 263-264, 267-269, 272-273, 276
core\intent\intent_models.py          33      0   100%
core\intent\intent_registry.py        29     10    66%   35-36, 50, 53-59
core\intent\keyword_map.py            20      3    85%   117, 120, 125
core\kernel.py                        63     13    79%   47, 51-59, 83-84, 88
core\orchestrator.py                  57      8    86%   33, 44, 61, 63, 65, 67, 78, 80
core\reverius_opium.py              2652   2115    20%   22-27, 51-53, 76-78, 82-84, 88-90, 95-98, 105-107, 111-112, 122-123, 128-129, 138-148, 153-166, 172, 184-215, 237-239, 252-255, 264-269, 273-277, 289-297, 299-300, 309, 311-316, 321, 323-328, 333-337, 339-340, 349-351, 372-380, 433, 438-517, 522-525, 528-571, 574-578, 583-676, 681-683, 688-728, 731-735, 740-752, 758-760, 765-807, 811, 814, 823-836, 842, 848-864, 869-871, 877-885, 891, 897-903, 906-916, 922, 928-934, 940-941, 949-1019, 1022-1026, 1031-1048, 1051-1056, 1059-1073, 1079, 1085-1101, 1106-1107, 1113-1115, 1117-1123, 1126-1140, 1144-1150, 1153-1170, 1176-1178, 1184-1233, 1239-1240, 1248-1265, 1268-1273, 1276-1290, 1296, 1302-1318, 1323-1324, 1330-1332, 1334-1340, 1343-1357, 1361-1367, 1370-1387, 1393-1395, 1401-1450, 1456-1457, 1465-1470, 1473-1501, 1521-1558, 1564-1569, 1572-1593, 1598-1604, 1607-1615, 1635-1649, 1651-1657, 1660-1751, 1756-1762, 1765-1770, 1777, 1788-1794, 1796-1802, 1806-1834, 1839-1842, 1849, 1857-1859, 1866-1871, 1877, 1893-1911, 1913-1919, 1928-1932, 1936-1941, 1947, 1958-1968, 1970-1976, 1984-1989, 1997-2002, 2006-2010, 2042-2044, 2046-2047, 2133-2191, 2205-2208, 2216-2230, 2232, 2234, 2283-2285, 2290-2293, 2295-2299, 2304-2307, 2353-2354, 2362, 2509, 2519-2520, 2530-2556, 2560-2575, 2579-2580, 2588-2592, 2596-2645, 2650, 2657-2703, 2708, 2715, 2723, 2727-2730, 2738-2740, 2744-2749, 2754-2759, 2764-2766, 2768-2769, 2773, 2778-2780, 2789-2794, 2799, 2801-2806, 2810-2815, 2817-2822, 2826-2837, 2849-2852, 2856-2862, 2871, 2879-2886, 2891-2895, 2899-2903, 2907-2910, 2912-2917, 2921-2922, 2927, 2935, 2943-2964, 2969-2973, 2979-3047, 3051-3054, 3059-3069, 3074, 3081, 3083-3088, 3092-3097, 3102-3103, 3111, 3117-3119, 3129-3130, 3134-3196, 3202-3203, 3206, 3211, 3216-3221, 3251, 3256-3279, 3284-3286, 3292-3317, 3322-3327, 3333-3346, 3352, 3359-3360, 3364-3369, 3374-3376, 3378, 3410-3415, 3417-3421, 3428-3429, 3438-3462, 3464-3469, 3474-3479, 3484-3488, 3493-3511, 3514-3518, 3523-3563, 3578-3588, 3590, 3592, 3603-3610, 3616-3618, 3625-3627, 3629-3634, 3638-3643, 3645-3647, 3655-3685, 3700-3766, 3779-3855, 3868-3901, 3914-3933, 3947-4046, 4060-4064, 4069-4108, 4124-4131, 4150-4903, 4914-4935, 4948-4959, 4978-4996, 5002-5020, 5042-5064, 5075-5091, 5104-5136, 5148-5222, 5227-5359, 5364-5499, 5503-5507, 5511-5519, 5523-5528
duplicate_check.py                     8      8     0%   1-8
main.py                               11     11     0%   1-16
memory\__init__.py                     0      0   100%
memory\store.py                       26      1    96%   43
modules\__init__.py                    1      0   100%
modules\ai_backend.py                137     81    41%   47-51, 71-72, 84-86, 90-93, 98-105, 113-127, 136-147, 156-163, 168-175, 180-187, 196-198, 203, 219-233
modules\command_processing.py        499    424    15%   22, 26-29, 36-40, 44-47, 51, 55, 59, 63-66, 103, 108, 113, 118, 123, 131-230, 237-248, 253-296, 307-316, 346-1110, 1124, 1128-1139, 1147-1150, 1158-1169, 1182-1194, 1200-1212, 1226-1243, 1251-1267, 1280-1312, 1318-1321
modules\memory.py                    161    120    25%   27-29, 32, 42-45, 48-59, 63-67, 107-113, 118-125, 129-141, 145-171, 175-190, 198-214, 218-222, 226-236, 240-246, 254, 262-288
modules\system_modules.py            196    196     0%   1-640
modules\utilities.py                 198    198     0%   1-382
modules\voice.py                     115    115     0%   1-186
plugins\__init__.py                    1      0   100%
plugins\manager.py                    47     47     0%   1-75
plugins\plugin_loader.py              71     18    75%   16-17, 28, 39-40, 47-48, 67-68, 76, 82, 88-95
plugins\sample_plugin.py               6      1    83%   11
task_tracer.py                       104    104     0%   10-176
tests\test_ai_backend.py              45      5    89%   22, 25, 28, 31, 37
tests\test_ai_pipeline.py             34      4    88%   20, 23, 26, 32
tests\test_api_key_store.py           10      0   100%
tests\test_architecture_core.py       21      0   100%
tests\test_asset_manager.py           43      0   100%
tests\test_backend_manager.py         69      9    87%   21, 24, 27, 33, 72, 75, 78, 81, 87
tests\test_command_routing.py         15      0   100%
tests\test_configuration.py           11      0   100%
tests\test_diagnostics.py             34      0   100%
tests\test_ethical_foundation.py      12      0   100%
tests\test_intent_engine.py           56      1    98%   65
tests\test_kernel.py                  13      0   100%
tests\test_manual_help.py             20      0   100%
tests\test_memory.py                   7      0   100%
tests\test_nvidia_backend.py          49      0   100%
tests\test_plugins.py                  7      0   100%
tests\test_project_health.py           8      0   100%
tests\test_reverius_hud_theme.py      23      0   100%
tmp_capture_output.py                  9      9     0%   1-16
tmp_health_debug.py                   15     15     0%   1-15
tmp_manual_check.py                    9      9     0%   1-9
ui\__init__.py                         0      0   100%
ui\hud_layout.py                     560    228    59%   13-15, 33-37, 41-61, 68, 83-97, 102-131, 144-168, 176-178, 182-199, 205, 268, 288-291, 298, 301, 337-338, 343-400, 404-422, 431-436, 733-746, 751-764
ui\hud_theme.py                       53      0   100%
utils\__init__.py                      2      0   100%
utils\api_key_store.py                36      7    81%   15, 21-22, 32-33, 44-45
utils\asset_manager.py               443    161    64%   57, 67, 70, 105-109, 119, 121, 132-133, 136, 142, 148-149, 163-164, 264, 266-269, 272, 274, 276, 278, 289, 296-297, 300-301, 363, 369, 372, 387, 390-395, 398-403, 421, 430, 434, 438, 442, 446, 450, 454, 458, 462, 466, 470, 474, 478-479, 483-495, 499-505, 509-510, 514-515, 519-533, 537-542, 546-555, 559, 563, 567, 571-615, 619
utils\project_health.py              213     27    87%   39-40, 129-141, 153-154, 175, 316-317, 319-320, 322-326, 328-329, 331-332, 351, 353, 389-390, 403-404
----------------------------------------------------------------
TOTAL                               8045   5030    37%
================= 51 passed, 1 warning in 1013.12s (0:16:53) ==================

STDERR:
